Build started 5/1/2012 4:27:35 AM.
     1>Project "C:\Users\Michael Bekesz\Desktop\School\School 07-09\School 09\Spring09\CS161ObjectOriented\PublicFolder\16-animate\16-animate.vcxproj" on node 2 (build target(s)).
     1>InitializeBuildStatus:
         Creating "Debug\16-animate.unsuccessfulbuild" because "AlwaysCreate" was specified.
       ClCompile:
         C:\Program Files (x86)\Microsoft Visual Studio 10.0\VC\bin\CL.exe /c /I..\include /ZI /nologo /W3 /WX- /Od /Oy- /D WIN32 /D _DEBUG /D _CONSOLE /D _UNICODE /D UNICODE /Gm /EHsc /RTC1 /MDd /GS /fp:precise /Zc:wchar_t /Zc:forScope /Fo"Debug\\" /Fd"Debug\vc100.pdb" /Gd /TP /analyze- /errorReport:prompt anim.cpp
         anim.cpp
     1>c:\users\michael bekesz\desktop\school\school 07-09\school 09\spring09\cs161objectoriented\publicfolder\16-animate\anim.cpp(67): warning C4244: 'initializing' : conversion from 'double' to 'int', possible loss of data
     1>c:\users\michael bekesz\desktop\school\school 07-09\school 09\spring09\cs161objectoriented\publicfolder\16-animate\anim.cpp(68): warning C4244: 'initializing' : conversion from 'double' to 'int', possible loss of data
     1>c:\users\michael bekesz\desktop\school\school 07-09\school 09\spring09\cs161objectoriented\publicfolder\16-animate\anim.cpp(78): warning C4996: 'sprintf': This function or variable may be unsafe. Consider using sprintf_s instead. To disable deprecation, use _CRT_SECURE_NO_WARNINGS. See online help for details.
                 c:\program files (x86)\microsoft visual studio 10.0\vc\include\stdio.h(371) : see declaration of 'sprintf'
       ManifestResourceCompile:
         All outputs are up-to-date.
       Link:
         C:\Program Files (x86)\Microsoft Visual Studio 10.0\VC\bin\link.exe /ERRORREPORT:PROMPT /OUT:"C:\Users\Michael Bekesz\Desktop\School\School 07-09\School 09\Spring09\CS161ObjectOriented\PublicFolder\16-animate\Debug\16-animate.exe" /INCREMENTAL /NOLOGO /LIBPATH:..\lib fltk.lib fltkimages.lib fltkpng.lib fltkjpeg.lib fltkz.lib wsock32.lib comctl32.lib kernel32.lib user32.lib gdi32.lib winspool.lib comdlg32.lib advapi32.lib shell32.lib ole32.lib oleaut32.lib uuid.lib odbc32.lib odbccp32.lib /NODEFAULTLIB:msvcrt.lib /MANIFEST /ManifestFile:"Debug\16-animate.exe.intermediate.manifest" /MANIFESTUAC:"level='asInvoker' uiAccess='false'" /DEBUG /PDB:"C:\Users\Michael Bekesz\Desktop\School\School 07-09\School 09\Spring09\CS161ObjectOriented\PublicFolder\16-animate\Debug\16-animate.pdb" /SUBSYSTEM:CONSOLE /TLBID:1 /DYNAMICBASE /NXCOMPAT /IMPLIB:"C:\Users\Michael Bekesz\Desktop\School\School 07-09\School 09\Spring09\CS161ObjectOriented\PublicFolder\16-animate\Debug\16-animate.lib" /MACHINE:X86 "Debug\16-animate.exe.embed.manifest.res"
         Debug\anim.obj
       Manifest:
         C:\Program Files (x86)\Microsoft SDKs\Windows\v7.0A\bin\mt.exe /nologo /verbose /out:"Debug\16-animate.exe.embed.manifest" /manifest "Debug\16-animate.exe.intermediate.manifest"
         All outputs are up-to-date.
       LinkEmbedManifest:
         All outputs are up-to-date.
         16-animate.vcxproj -> C:\Users\Michael Bekesz\Desktop\School\School 07-09\School 09\Spring09\CS161ObjectOriented\PublicFolder\16-animate\Debug\16-animate.exe
       FinalizeBuildStatus:
         Deleting file "Debug\16-animate.unsuccessfulbuild".
         Touching "Debug\16-animate.lastbuildstate".
     1>Done Building Project "C:\Users\Michael Bekesz\Desktop\School\School 07-09\School 09\Spring09\CS161ObjectOriented\PublicFolder\16-animate\16-animate.vcxproj" (build target(s)).

Build succeeded.

Time Elapsed 00:00:00.64
